<?xml version="1.0" encoding="UTF-8"?>
<!-- Generated by org.testng.reporters.JUnitReportReporter -->
<testsuite hostname="DESKTOP-GDD8ABC" failures="0" tests="4" name="testNGclass1.OrangeHRMtest" time="10.407" errors="0" timestamp="2025-08-20T21:32:30 IST" skipped="0">
  <testcase classname="testNGclass1.OrangeHRMtest" name="openapp" time="5.641"/>
  <testcase classname="testNGclass1.OrangeHRMtest" name="logopresencetest" time="3.110"/>
  <testcase classname="testNGclass1.OrangeHRMtest" name="testlogin" time="1.581"/>
  <testcase classname="testNGclass1.OrangeHRMtest" name="Testclose" time="0.075"/>
</testsuite> <!-- testNGclass1.OrangeHRMtest -->
