<?xml version="1.0" encoding="UTF-8"?>
<!-- Generated by org.testng.reporters.JUnitReportReporter -->
<testsuite hostname="DESKTOP-GDD8ABC" failures="0" tests="3" name="testNGclass1.TestNGClass1" time="0.017" errors="0" timestamp="2025-08-20T21:24:34 IST" skipped="0">
  <testcase classname="testNGclass1.TestNGClass1" name="openapp" time="0.014"/>
  <testcase classname="testNGclass1.TestNGClass1" name="login" time="0.002"/>
  <testcase classname="testNGclass1.TestNGClass1" name="logout" time="0.001"/>
</testsuite> <!-- testNGclass1.TestNGClass1 -->
